0 info it worked if it ends with ok
1 verbose cli [ '/usr/local/bin/node', '/usr/local/bin/npm', 'run', 'all' ]
2 info using npm@3.10.10
3 info using node@v6.9.4
4 verbose run-script [ 'preall', 'all', 'postall' ]
5 info lifecycle anix@0.1.8~preall: anix@0.1.8
6 silly lifecycle anix@0.1.8~preall: no script for preall, continuing
7 info lifecycle anix@0.1.8~all: anix@0.1.8
8 verbose lifecycle anix@0.1.8~all: unsafe-perm in lifecycle true
9 verbose lifecycle anix@0.1.8~all: PATH: /usr/local/lib/node_modules/npm/bin/node-gyp-bin:/Users/yajieliu/Desktop/WORKS/library/AniX/node_modules/.bin:/usr/local/bin:/usr/bin:/bin:/usr/sbin:/sbin
10 verbose lifecycle anix@0.1.8~all: CWD: /Users/yajieliu/Desktop/WORKS/library/AniX
11 silly lifecycle anix@0.1.8~all: Args: [ '-c', 'npm-run-all react anix jq umd package' ]
12 silly lifecycle anix@0.1.8~all: Returned: code: 1  signal: null
13 info lifecycle anix@0.1.8~all: Failed to exec all script
14 verbose stack Error: anix@0.1.8 all: `npm-run-all react anix jq umd package`
14 verbose stack Exit status 1
14 verbose stack     at EventEmitter.<anonymous> (/usr/local/lib/node_modules/npm/lib/utils/lifecycle.js:255:16)
14 verbose stack     at emitTwo (events.js:106:13)
14 verbose stack     at EventEmitter.emit (events.js:191:7)
14 verbose stack     at ChildProcess.<anonymous> (/usr/local/lib/node_modules/npm/lib/utils/spawn.js:40:14)
14 verbose stack     at emitTwo (events.js:106:13)
14 verbose stack     at ChildProcess.emit (events.js:191:7)
14 verbose stack     at maybeClose (internal/child_process.js:877:16)
14 verbose stack     at Process.ChildProcess._handle.onexit (internal/child_process.js:226:5)
15 verbose pkgid anix@0.1.8
16 verbose cwd /Users/yajieliu/Desktop/WORKS/library/AniX
17 error Darwin 16.0.0
18 error argv "/usr/local/bin/node" "/usr/local/bin/npm" "run" "all"
19 error node v6.9.4
20 error npm  v3.10.10
21 error code ELIFECYCLE
22 error anix@0.1.8 all: `npm-run-all react anix jq umd package`
22 error Exit status 1
23 error Failed at the anix@0.1.8 all script 'npm-run-all react anix jq umd package'.
23 error Make sure you have the latest version of node.js and npm installed.
23 error If you do, this is most likely a problem with the anix package,
23 error not with npm itself.
23 error Tell the author that this fails on your system:
23 error     npm-run-all react anix jq umd package
23 error You can get information on how to open an issue for this project with:
23 error     npm bugs anix
23 error Or if that isn't available, you can get their info via:
23 error     npm owner ls anix
23 error There is likely additional logging output above.
24 verbose exit [ 1, true ]
